\BOOKMARK [0][-]{chapter.1}{\376\377\000Z\000K\000V\000M\000s\000:\000\040\000Z\000e\000r\000o\000\040\000K\000n\000o\000w\000l\000e\000d\000g\000e\000\040\000V\000i\000r\000t\000u\000a\000l\000\040\000M\000a\000c\000h\000i\000n\000e\000s}{}% 1
\BOOKMARK [1][-]{section.1.1}{\376\377\000R\000I\000S\000C\000-\000V\000\040\000a\000s\000\040\000a\000\040\000c\000o\000m\000m\000o\000n\000\040\000t\000a\000r\000g\000e\000t}{chapter.1}% 2
\BOOKMARK [2][-]{subsection.1.1.1}{\376\377\000W\000h\000y\000\040\000R\000I\000S\000C\000-\000V\000\040\000t\000h\000o\000u\000g\000h\000?}{section.1.1}% 3
\BOOKMARK [1][-]{section.1.2}{\376\377\000T\000h\000e\000\040\000g\000e\000n\000e\000r\000a\000l\000\040\000d\000e\000s\000i\000g\000n\000\040\000o\000f\000\040\000Z\000K\000V\000M\000s}{chapter.1}% 4
\BOOKMARK [1][-]{section.1.3}{\376\377\000W\000r\000i\000t\000i\000n\000g\000\040\000c\000o\000n\000s\000t\000r\000a\000i\000n\000t\000s\000\040\000f\000o\000r\000\040\000t\000h\000e\000s\000e\000\040\000i\000n\000s\000t\000r\000u\000c\000t\000i\000o\000n\000s}{chapter.1}% 5
\BOOKMARK [1][-]{section.1.4}{\376\377\000S\000e\000l\000f\000-\000m\000o\000d\000i\000f\000y\000i\000n\000g\000\040\000c\000o\000d\000e\000\040\000a\000n\000d\000\040\000d\000e\000a\000l\000i\000n\000g\000\040\000w\000i\000t\000h\000\040\000i\000t}{chapter.1}% 6
\BOOKMARK [1][-]{section.1.5}{\376\377\000I\000d\000e\000n\000t\000i\000f\000y\000i\000n\000g\000\040\000t\000h\000e\000\040\000p\000r\000o\000g\000r\000a\000m}{chapter.1}% 7
\BOOKMARK [1][-]{section.1.6}{\376\377\000P\000r\000o\000o\000f\000\040\000g\000e\000n\000e\000r\000a\000t\000i\000o\000n\000\040\000w\000i\000t\000h\000o\000u\000t\000\040\000p\000r\000e\000-\000c\000o\000m\000p\000i\000l\000e\000s}{chapter.1}% 8
\BOOKMARK [1][-]{section.1.7}{\376\377\000P\000r\000o\000o\000f\000\040\000g\000e\000n\000e\000r\000a\000t\000i\000o\000n\000\040\000w\000i\000t\000h\000\040\000p\000r\000e\000-\000c\000o\000m\000p\000i\000l\000e\000s}{chapter.1}% 9
\BOOKMARK [0][-]{chapter.2}{\376\377\000V\000e\000r\000s\000i\000o\000n\000\040\000C\000o\000n\000t\000r\000o\000l\000\040\000u\000s\000i\000n\000g\000\040\000G\000i\000t}{}% 10
\BOOKMARK [1][-]{section.2.1}{\376\377\000U\000s\000i\000n\000g\000\040\000G\000i\000t\000\040\000v\000i\000a\000\040\000S\000S\000H}{chapter.2}% 11
\BOOKMARK [0][-]{chapter.3}{\376\377\000T\000i\000m\000e\000,\000\040\000S\000y\000n\000c\000h\000r\000o\000n\000y\000\040\000a\000n\000d\000\040\000N\000o\000d\000e\000\040\000F\000a\000i\000l\000u\000r\000e\000s}{}% 12
\BOOKMARK [1][-]{section.3.1}{\376\377\000K\000e\000y\000\040\000d\000e\000f\000i\000n\000t\000i\000o\000n\000s}{chapter.3}% 13
\BOOKMARK [2][-]{subsection.3.1.1}{\376\377\000C\000o\000n\000s\000i\000s\000t\000e\000n\000c\000y\000\040\000a\000n\000d\000\040\000L\000i\000v\000e\000n\000e\000s\000s}{section.3.1}% 14
\BOOKMARK [2][-]{subsection.3.1.2}{\376\377\000N\000o\000d\000e\000\040\000h\000o\000n\000e\000s\000t\000y}{section.3.1}% 15
\BOOKMARK [2][-]{subsection.3.1.3}{\376\377\000N\000e\000t\000w\000o\000r\000k\000\040\000S\000y\000n\000c\000h\000r\000o\000n\000y}{section.3.1}% 16
\BOOKMARK [2][-]{subsection.3.1.4}{\376\377\000C\000o\000n\000s\000e\000n\000s\000u\000s}{section.3.1}% 17
\BOOKMARK [2][-]{subsection.3.1.5}{\376\377\000P\000e\000r\000m\000i\000s\000s\000i\000o\000n\000i\000n\000g}{section.3.1}% 18
\BOOKMARK [2][-]{subsection.3.1.6}{\376\377\000G\000l\000o\000b\000a\000l\000\040\000C\000l\000o\000c\000k}{section.3.1}% 19
\BOOKMARK [2][-]{subsection.3.1.7}{\376\377\000P\000u\000b\000l\000i\000c\000\040\000K\000e\000y\000\040\000I\000n\000t\000e\000r\000c\000h\000a\000n\000g\000e\000\040\000I\000n\000f\000r\000a\000s\000t\000r\000u\000c\000t\000u\000r\000e}{section.3.1}% 20
\BOOKMARK [1][-]{section.3.2}{\376\377\000S\000t\000a\000t\000e\000\040\000M\000a\000c\000h\000i\000n\000e\000\040\000R\000e\000p\000l\000i\000c\000a\000t\000i\000o\000n}{chapter.3}% 21
\BOOKMARK [1][-]{section.3.3}{\376\377\000D\000o\000l\000e\000v\000-\000S\000t\000r\000o\000n\000g\000:\000\040\000B\000y\000z\000a\000n\000t\000i\000n\000e\000-\000b\000r\000o\000a\000d\000c\000a\000s\000t\000,\000\040\000S\000M\000R\000,\000\040\000i\000n\000\040\000a\000\040\000s\000y\000n\000c\000h\000r\000o\000n\000o\000u\000s\000\040\000w\000o\000r\000l\000d}{chapter.3}% 22
\BOOKMARK [1][-]{section.3.4}{\376\377\000F\000L\000P\000:\000\040\000C\000a\000n\000'\000t\000\040\000h\000a\000n\000d\000l\000e\000\040\000e\000v\000e\000n\000\040\0001\000\040\000f\000a\000u\000l\000t\000y\000\040\000n\000o\000d\000e\000\040\000i\000n\000\040\000a\000s\000y\000n\000c\000h\000r\000o\000n\000o\000u\000s\000\040\000w\000o\000r\000l\000d}{chapter.3}% 23
\BOOKMARK [2][-]{subsection.3.4.1}{\376\377\000T\000h\000e\000\040\000F\000L\000P\000\040\000I\000m\000p\000o\000s\000s\000i\000b\000i\000l\000i\000t\000y\000\040\000C\000l\000a\000i\000m}{section.3.4}% 24
\BOOKMARK [2][-]{subsection.3.4.2}{\376\377\000K\000e\000y\000\040\000c\000o\000n\000c\000e\000p\000t\000s}{section.3.4}% 25
\BOOKMARK [2][-]{subsection.3.4.3}{\376\377\000C\000o\000n\000s\000e\000n\000s\000u\000s\000,\000\040\000S\000y\000s\000t\000e\000m\000\040\000C\000o\000n\000f\000i\000g\000u\000r\000a\000t\000i\000o\000n\000s\000,\000\040\000E\000v\000e\000n\000t\000s\000\040\000a\000n\000d\000\040\000S\000c\000h\000e\000d\000u\000l\000e\000s}{section.3.4}% 26
\BOOKMARK [2][-]{subsection.3.4.4}{\376\377\000L\000e\000m\000m\000a\000\040\0001\000:\000\040\000D\000i\000s\000j\000o\000i\000n\000t\000\040\000S\000c\000h\000e\000d\000u\000l\000e\000s\000\040\000C\000o\000m\000m\000u\000t\000e}{section.3.4}% 27
\BOOKMARK [2][-]{subsection.3.4.5}{\376\377\000L\000e\000m\000m\000a\000\040\0002\000:\000\040\000T\000h\000e\000r\000e\000\040\000e\000x\000i\000s\000t\000s\000\040\000a\000\040\000b\000i\000-\000v\000a\000l\000e\000n\000t\000\040\000i\000n\000i\000t\000i\000a\000l\000\040\000c\000o\000n\000f\000i\000g\000u\000r\000a\000t\000i\000o\000n}{section.3.4}% 28
\BOOKMARK [2][-]{subsection.3.4.6}{\376\377\000L\000e\000m\000m\000a\000\040\0003\000:\000\040\000A\000l\000l\000\040\000r\000o\000a\000d\000s\000\040\000l\000e\000a\000d\000\040\000t\000o\000\040\000i\000n\000d\000e\000c\000i\000s\000i\000o\000n}{section.3.4}% 29
\BOOKMARK [2][-]{subsection.3.4.7}{\376\377\000P\000r\000o\000v\000i\000n\000g\000\040\000t\000h\000e\000\040\000t\000h\000e\000o\000r\000e\000m}{section.3.4}% 30
\BOOKMARK [2][-]{subsection.3.4.8}{\376\377\000C\000o\000n\000c\000l\000u\000s\000i\000o\000n}{section.3.4}% 31
\BOOKMARK [1][-]{section.3.5}{\376\377\000T\000h\000e\000\040\000C\000A\000P\000\040\000p\000r\000i\000n\000c\000i\000p\000l\000e}{chapter.3}% 32
\BOOKMARK [0][-]{chapter.4}{\376\377\000E\000t\000h\000e\000r\000e\000u\000m}{}% 33
\BOOKMARK [1][-]{section.4.1}{\376\377\000L\000e\000g\000a\000c\000y\000\040\000E\000t\000h\000e\000r\000e\000u\000m\000\040\000\050\000E\000t\000h\000e\000r\000e\000u\000m\000\040\0001\000.\0000\000\051}{chapter.4}% 34
\BOOKMARK [2][-]{subsection.4.1.1}{\376\377\000A\000c\000c\000e\000s\000s\000i\000n\000g\000\040\000H\000i\000s\000t\000o\000r\000i\000c\000a\000l\000\040\000B\000l\000o\000c\000k\000\040\000H\000a\000s\000h\000e\000s\000:\000\040\000E\000I\000P\000:\000\040\0002\0009\0003\0005}{section.4.1}% 35
\BOOKMARK [1][-]{section.4.2}{\376\377\000E\000t\000h\000e\000r\000e\000u\000m\000\040\000a\000f\000t\000e\000r\000\040\000M\000e\000r\000g\000e\000\040\000\050\000E\000t\000h\000e\000r\000e\000u\000m\000\040\0002\000.\0000\000\051}{chapter.4}% 36
\BOOKMARK [2][-]{subsection.4.2.1}{\376\377\000T\000h\000e\000\040\000P\000r\000o\000o\000f\000-\000o\000f\000-\000S\000t\000a\000k\000e\000\040\000B\000l\000o\000c\000k}{section.4.2}% 37
\BOOKMARK [2][-]{subsection.4.2.2}{\376\377\000F\000i\000n\000a\000l\000i\000t\000y\000\040\000M\000e\000t\000a\000l\000a\000y\000e\000r\000:\000\040\000C\000a\000s\000p\000e\000r\000\040\000F\000F\000G}{section.4.2}% 38
\BOOKMARK [0][-]{chapter.5}{\376\377\000S\000o\000l\000a\000n\000a}{}% 39
\BOOKMARK [1][-]{section.5.1}{\376\377\000T\000h\000e\000\040\000T\000r\000a\000n\000s\000a\000c\000t\000i\000o\000n\000\040\000P\000r\000o\000c\000e\000s\000s\000i\000n\000g\000\040\000U\000n\000i\000t}{chapter.5}% 40
\BOOKMARK [1][-]{section.5.2}{\376\377\000P\000r\000o\000o\000f\000\040\000o\000f\000\040\000H\000i\000s\000t\000o\000r\000y\000:\000\040\000V\000D\000F\000\040\000b\000a\000s\000e\000d\000\040\000t\000r\000a\000n\000s\000a\000c\000t\000i\000o\000n\000\040\000o\000r\000d\000e\000r\000i\000n\000g}{chapter.5}% 41
\BOOKMARK [1][-]{section.5.3}{\376\377\000E\000n\000t\000r\000i\000e\000s\000,\000\040\000S\000l\000o\000t\000s\000,\000\040\000B\000a\000n\000k}{chapter.5}% 42
\BOOKMARK [0][-]{chapter.6}{\376\377\000G\000e\000n\000e\000r\000a\000l\000\040\000C\000o\000n\000c\000e\000p\000t\000s\000\040\000i\000n\000\040\000A\000d\000v\000e\000r\000s\000a\000r\000i\000a\000l\000\040\000D\000i\000s\000t\000r\000i\000b\000u\000t\000e\000d\000\040\000S\000y\000s\000t\000e\000m\000s}{}% 43
\BOOKMARK [1][-]{section.6.1}{\376\377\000P\000r\000o\000o\000f\000\040\000o\000f\000\040\000S\000t\000a\000k\000e\000:\000\040\000T\000h\000e\000\040\000N\000o\000t\000h\000i\000n\000g\000\040\000a\000t\000\040\000S\000t\000a\000k\000e\000\040\000p\000r\000o\000b\000l\000e\000m}{chapter.6}% 44
\BOOKMARK [2][-]{subsection.6.1.1}{\376\377\000N\000o\000\040\000p\000e\000n\000a\000l\000t\000i\000e\000s\000\040\000=\000\040\000N\000o\000\040\000c\000a\000n\000o\000n\000i\000c\000a\000l\000i\000z\000a\000t\000i\000o\000n}{section.6.1}% 45
\BOOKMARK [2][-]{subsection.6.1.2}{\376\377\000E\000x\000a\000m\000p\000l\000e\000:\000\040\000T\000h\000e\000\040\0001\000\045\000\040\000a\000t\000t\000a\000c\000k\000e\000r}{section.6.1}% 46
\BOOKMARK [2][-]{subsection.6.1.3}{\376\377\000T\000h\000e\000\040\000T\000r\000a\000g\000e\000d\000y\000\040\000o\000f\000\040\000t\000h\000e\000\040\000C\000o\000m\000m\000o\000n\000s}{section.6.1}% 47
\BOOKMARK [2][-]{subsection.6.1.4}{\376\377\000S\000i\000m\000u\000l\000a\000t\000i\000n\000g\000\040\000t\000h\000e\000\040\000"\000w\000r\000o\000n\000g\000\040\000c\000h\000o\000i\000c\000e\000\040\000i\000s\000\040\000c\000o\000s\000t\000l\000y\000"}{section.6.1}% 48
\BOOKMARK [1][-]{section.6.2}{\376\377\000W\000e\000a\000l\000t\000h\000\040\000I\000n\000e\000q\000u\000a\000l\000i\000t\000y\000\040\000a\000n\000d\000\040\000t\000h\000e\000\040\000G\000i\000n\000i\000\040\000C\000o\000e\000f\000f\000i\000c\000i\000e\000n\000t}{chapter.6}% 49
\BOOKMARK [1][-]{section.6.3}{\376\377\000M\000i\000n\000e\000r\000'\000s\000\040\000E\000x\000t\000r\000a\000c\000t\000a\000b\000l\000e\000\040\000V\000a\000l\000u\000e\000\040\000\050\000M\000E\000V\000\051}{chapter.6}% 50
\BOOKMARK [2][-]{subsection.6.3.1}{\376\377\000B\000a\000s\000i\000c\000\040\000o\000n\000-\000c\000h\000a\000i\000n\000\040\000D\000e\000X\000\040\000b\000a\000s\000e\000d\000\040\000a\000r\000b\000i\000t\000r\000a\000g\000e}{section.6.3}% 51
\BOOKMARK [1][-]{section.6.4}{\376\377\000T\000h\000e\000\040\000e\000v\000e\000r\000\040\000g\000r\000o\000w\000i\000n\000g\000\040\000s\000t\000a\000t\000e\000,\000\040\000s\000t\000a\000t\000e\000\040\000e\000x\000p\000i\000r\000y}{chapter.6}% 52
\BOOKMARK [1][-]{section.6.5}{\376\377\000R\000e\000b\000u\000i\000l\000d\000i\000n\000g\000\040\000t\000h\000e\000\040\000c\000h\000a\000i\000n\000\040\000/\000\040\000C\000h\000a\000i\000n\000\040\000D\000e\000r\000i\000v\000a\000t\000i\000o\000n}{chapter.6}% 53
\BOOKMARK [1][-]{section.6.6}{\376\377\000S\000u\000p\000p\000o\000r\000t\000i\000n\000g\000\040\000a\000\040\000d\000i\000f\000f\000e\000r\000e\000n\000t\000\040\000v\000i\000r\000t\000u\000a\000l\000\040\000m\000a\000c\000h\000i\000n\000e}{chapter.6}% 54
\BOOKMARK [0][-]{chapter.7}{\376\377\000L\000a\000y\000e\000r\000\040\0002\000\040\000S\000c\000a\000l\000i\000n\000g\000\040\000S\000o\000l\000u\000t\000i\000o\000n\000s}{}% 55
\BOOKMARK [1][-]{section.7.1}{\376\377\000G\000e\000n\000e\000r\000a\000l\000\040\000c\000l\000a\000s\000s\000i\000f\000i\000c\000a\000t\000i\000o\000n}{chapter.7}% 56
\BOOKMARK [1][-]{section.7.2}{\376\377\000W\000h\000e\000r\000e\000\040\000s\000i\000t\000s\000\040\000t\000h\000e\000\040\000e\000n\000o\000u\000r\000m\000o\000u\000s\000\040\000d\000a\000t\000a\000?}{chapter.7}% 57
\BOOKMARK [1][-]{section.7.3}{\376\377\000P\000l\000a\000s\000m\000a\000:\000\040\000E\000a\000c\000h\000\040\000o\000n\000e\000\040\000s\000a\000v\000e\000\040\000o\000n\000e}{chapter.7}% 58
\BOOKMARK [2][-]{subsection.7.3.1}{\376\377\000O\000p\000e\000r\000a\000t\000o\000r\000\040\000m\000i\000s\000b\000e\000h\000a\000v\000i\000o\000r\000s\000\040\000a\000n\000d\000\040\000e\000x\000i\000t\000s}{section.7.3}% 59
\BOOKMARK [2][-]{subsection.7.3.2}{\376\377\000P\000l\000a\000s\000m\000a\000\040\000C\000a\000s\000h}{section.7.3}% 60
\BOOKMARK [1][-]{section.7.4}{\376\377\000B\000o\000t\000t\000l\000e\000n\000e\000c\000k\000e\000d\000\040\000b\000y\000\040\000D\000A}{chapter.7}% 61
\BOOKMARK [1][-]{section.7.5}{\376\377\000R\000o\000l\000l\000u\000p\000s\000\040\000a\000n\000d\000\040\000l\000e\000v\000e\000l\000s\000\040\000o\000f\000\040\000c\000o\000n\000f\000i\000r\000m\000a\000t\000i\000o\000n}{chapter.7}% 62
\BOOKMARK [1][-]{section.7.6}{\376\377\000F\000a\000s\000t\000e\000r\000\040\000L\000a\000y\000e\000r\000\040\0002\000\040\000I\000n\000t\000e\000r\000o\000p\000e\000r\000a\000b\000i\000l\000i\000t\000y}{chapter.7}% 63
\BOOKMARK [0][-]{chapter.8}{\376\377\000G\000o\000l\000a\000n\000g}{}% 64
\BOOKMARK [0][-]{chapter.9}{\376\377\000R\000u\000s\000t}{}% 65
\BOOKMARK [1][-]{section.9.1}{\376\377\000I\000t\000e\000r\000a\000t\000o\000r\000s}{chapter.9}% 66
\BOOKMARK [0][-]{chapter.10}{\376\377\000S\000o\000l\000i\000d\000i\000t\000y}{}% 67
\BOOKMARK [1][-]{section.10.1}{\376\377\000T\000h\000e\000\040\000m\000e\000m\000o\000r\000y\000\040\000m\000o\000d\000e\000l}{chapter.10}% 68
\BOOKMARK [2][-]{subsection.10.1.1}{\376\377\000L\000i\000g\000h\000t\000P\000r\000i\000m\000a\000r\000y\000c\000a\000l\000l\000d\000a\000t\000a\000\040\000v\000s\000\040\000L\000i\000g\000h\000t\000P\000r\000i\000m\000a\000r\000y\000m\000e\000m\000o\000r\000y\000\040\000v\000s\000\040\000L\000i\000g\000h\000t\000P\000r\000i\000m\000a\000r\000y\000s\000t\000o\000r\000a\000g\000e}{section.10.1}% 69
\BOOKMARK [1][-]{section.10.2}{\376\377\000F\000u\000n\000c\000t\000i\000o\000n\000\040\000a\000n\000d\000\040\000t\000h\000e\000i\000r\000\040\000m\000o\000d\000i\000f\000i\000e\000r\000s}{chapter.10}% 70
\BOOKMARK [2][-]{subsection.10.2.1}{\376\377\000V\000i\000s\000i\000b\000i\000l\000i\000t\000y\000\040\000M\000o\000d\000i\000f\000i\000e\000r\000s\000:\000\040\000L\000i\000g\000h\000t\000P\000r\000i\000m\000a\000r\000y\000p\000r\000i\000v\000a\000t\000e\000,\000\040\000L\000i\000g\000h\000t\000P\000r\000i\000m\000a\000r\000y\000i\000n\000t\000e\000r\000n\000a\000l\000,\000\040\000L\000i\000g\000h\000t\000P\000r\000i\000m\000a\000r\000y\000e\000x\000t\000e\000r\000n\000a\000l\000,\000\040\000L\000i\000g\000h\000t\000P\000r\000i\000m\000a\000r\000y\000p\000u\000b\000l\000i\000c}{section.10.2}% 71
\BOOKMARK [2][-]{subsection.10.2.2}{\376\377\000F\000u\000n\000c\000t\000i\000o\000n\000\040\000M\000o\000d\000i\000f\000i\000e\000r\000s\000\040\000f\000o\000r\000\040\000p\000r\000e\000c\000o\000n\000d\000i\000t\000i\000o\000n\000s\000\040\000a\000n\000d\000\040\000p\000o\000s\000t\000c\000o\000n\000d\000i\000t\000i\000o\000n\000s}{section.10.2}% 72
\BOOKMARK [2][-]{subsection.10.2.3}{\376\377\000S\000p\000e\000c\000i\000a\000l\000\040\000m\000o\000d\000i\000f\000i\000e\000r\000s\000:\000\040\000L\000i\000g\000h\000t\000P\000r\000i\000m\000a\000r\000y\000v\000i\000e\000w\000,\000\040\000L\000i\000g\000h\000t\000P\000r\000i\000m\000a\000r\000y\000p\000u\000r\000e\000\040\000a\000n\000d\000\040\000L\000i\000g\000h\000t\000P\000r\000i\000m\000a\000r\000y\000p\000a\000y\000a\000b\000l\000e}{section.10.2}% 73
\BOOKMARK [1][-]{section.10.3}{\376\377\000T\000h\000e\000\040\000E\000I\000P\000-\0007\0002\0001\000\040\000S\000t\000a\000n\000d\000a\000r\000d\000:\000\040\000N\000o\000n\000-\000F\000u\000n\000g\000i\000b\000l\000e\000\040\000T\000o\000k\000e\000n\000s\000\040\000\050\000N\000F\000T\000s\000\051}{chapter.10}% 74
\BOOKMARK [1][-]{section.10.4}{\376\377\000E\000x\000e\000r\000c\000i\000s\000e\000\040\000S\000o\000l\000u\000t\000i\000o\000n\000s}{chapter.10}% 75
\BOOKMARK [0][-]{chapter.11}{\376\377\000B\000i\000n\000a\000r\000y\000\040\000S\000e\000a\000r\000c\000h}{}% 76
\BOOKMARK [1][-]{section.11.1}{\376\377\000B\000a\000s\000i\000c\000:\000\040\000M\000i\000n\000i\000m\000i\000z\000e\000\040\000k\000\040\000s\000u\000c\000h\000\040\000t\000h\000a\000t\000\040\000f\000\050\000k\000\051\000\040\000i\000s\000\040\000t\000r\000u\000e}{chapter.11}% 77
\BOOKMARK [1][-]{section.11.2}{\376\377\000A\000d\000v\000a\000n\000c\000e\000d\000:\000\040\000S\000e\000a\000r\000c\000h\000\040\000s\000p\000a\000c\000e\000s\000\040\000w\000i\000t\000h\000\040\000L\000i\000g\000h\000t\000P\000r\000i\000m\000a\000r\000y\000f\000e\000a\000s\000i\000b\000l\000e\000\050\000x\000\051\000\040\000-\000>\000\040\000b\000o\000o\000l}{chapter.11}% 78
\BOOKMARK [2][-]{subsection.11.2.1}{\376\377\000P\000r\000o\000b\000l\000e\000m\000\040\000[\000S\000e\000q\000S\000h\000i\000p\000]\000:\000\040\000S\000e\000q\000u\000e\000n\000t\000i\000a\000l\000\040\000o\000b\000j\000e\000c\000t\000s\000\040\000s\000h\000i\000p\000p\000i\000n\000g\000\040\000w\000i\000t\000h\000i\000n\000\040\000D\000\040\000d\000a\000y\000s}{section.11.2}% 79
\BOOKMARK [2][-]{subsection.11.2.2}{\376\377\000P\000r\000o\000b\000l\000e\000m\000\040\000[\000K\000o\000k\000o\000B\000a\000n\000a\000n\000a\000]\000:\000\040\000M\000o\000n\000k\000e\000y\000\040\000e\000a\000t\000i\000n\000g\000\040\000p\000i\000l\000e\000s\000\040\000o\000f\000\040\000b\000a\000n\000a\000n\000a\000s}{section.11.2}% 80
\BOOKMARK [2][-]{subsection.11.2.3}{\376\377\000P\000r\000o\000b\000l\000e\000m\000\040\000[\000S\000p\000l\000i\000t\000M\000]\000:\000\040\000S\000p\000l\000i\000t\000\040\000a\000r\000r\000a\000y\000\040\000i\000n\000t\000o\000\040\000m\000\040\000s\000u\000b\000a\000r\000r\000a\000y\000s}{section.11.2}% 81
\BOOKMARK [1][-]{section.11.3}{\376\377\000A\000d\000v\000a\000n\000c\000e\000d\000:\000\040\000S\000e\000a\000r\000c\000h\000\040\000s\000p\000a\000c\000e\000s\000\040\000w\000i\000t\000h\000\040\000L\000i\000g\000h\000t\000P\000r\000i\000m\000a\000r\000y\000e\000n\000o\000u\000g\000h\000\050\000x\000\051\000\040\000-\000>\000\040\000b\000o\000o\000l}{chapter.11}% 82
\BOOKMARK [2][-]{subsection.11.3.1}{\376\377\000P\000r\000o\000b\000l\000e\000m\000\040\000[\000K\000S\000m\000a\000l\000l\000M\000u\000l\000]\000:\000\040\000K\000-\000t\000h\000\040\000s\000m\000a\000l\000l\000e\000s\000t\000\040\000n\000u\000m\000b\000e\000r\000\040\000i\000n\000\040\000m\000u\000l\000t\000i\000p\000l\000i\000c\000a\000t\000i\000o\000n\000\040\000t\000a\000b\000l\000e}{section.11.3}% 83
\BOOKMARK [0][-]{chapter.12}{\376\377\000D\000y\000n\000a\000m\000i\000c\000\040\000P\000r\000o\000g\000r\000a\000m\000m\000i\000n\000g}{}% 84
\BOOKMARK [1][-]{section.12.1}{\376\377\000M\000e\000m\000o\000i\000z\000a\000t\000i\000o\000n}{chapter.12}% 85
\BOOKMARK [1][-]{section.12.2}{\376\377\000M\000o\000s\000t\000\040\000i\000m\000p\000o\000r\000t\000a\000n\000t\000\040\000s\000u\000b\000p\000r\000o\000b\000l\000e\000m\000s}{chapter.12}% 86
\BOOKMARK [0][-]{section*.4}{\376\377\000A\000l\000p\000h\000a\000b\000e\000t\000i\000c\000a\000l\000\040\000I\000n\000d\000e\000x}{}% 87
